{"C:\\Users\\Laboratoria\\Documents\\Laboratoria\\GDL003-Burger-Queen-Back-End\\src\\models\\product.js": {"path":"C:\\Users\\Laboratoria\\Documents\\Laboratoria\\GDL003-Burger-Queen-Back-End\\src\\models\\product.js","statementMap":{"0":{"start":{"line":3,"column":17},"end":{"line":3,"column":36}},"1":{"start":{"line":4,"column":15},"end":{"line":4,"column":30}},"2":{"start":{"line":6,"column":22},"end":{"line":13,"column":2}},"3":{"start":{"line":15,"column":0},"end":{"line":15,"column":64}},"4":{"start":{"line":16,"column":0},"end":{"line":16,"column":37}}},"fnMap":{},"branchMap":{},"s":{"0":1,"1":1,"2":1,"3":1,"4":1},"f":{},"b":{},"_coverageSchema":"43e27e138ebf9cfc5966b082cf9a028302ed4184","hash":"6691790147408d7db94904404039deda3b13c86c"}
,"C:\\Users\\Laboratoria\\Documents\\Laboratoria\\GDL003-Burger-Queen-Back-End\\src\\routes\\product.js": {"path":"C:\\Users\\Laboratoria\\Documents\\Laboratoria\\GDL003-Burger-Queen-Back-End\\src\\routes\\product.js","statementMap":{"0":{"start":{"line":1,"column":16},"end":{"line":1,"column":53}},"1":{"start":{"line":3,"column":0},"end":{"line":12,"column":2}},"2":{"start":{"line":4,"column":2},"end":{"line":4,"column":36}},"3":{"start":{"line":5,"column":2},"end":{"line":11,"column":4}},"4":{"start":{"line":6,"column":4},"end":{"line":6,"column":31}},"5":{"start":{"line":7,"column":4},"end":{"line":7,"column":73}},"6":{"start":{"line":7,"column":13},"end":{"line":7,"column":73}},"7":{"start":{"line":8,"column":4},"end":{"line":8,"column":86}},"8":{"start":{"line":8,"column":19},"end":{"line":8,"column":86}},"9":{"start":{"line":10,"column":4},"end":{"line":10,"column":39}},"10":{"start":{"line":14,"column":0},"end":{"line":22,"column":2}},"11":{"start":{"line":15,"column":18},"end":{"line":15,"column":38}},"12":{"start":{"line":16,"column":2},"end":{"line":21,"column":4}},"13":{"start":{"line":17,"column":4},"end":{"line":17,"column":81}},"14":{"start":{"line":17,"column":13},"end":{"line":17,"column":81}},"15":{"start":{"line":18,"column":4},"end":{"line":18,"column":89}},"16":{"start":{"line":18,"column":19},"end":{"line":18,"column":89}},"17":{"start":{"line":20,"column":4},"end":{"line":20,"column":38}},"18":{"start":{"line":24,"column":0},"end":{"line":34,"column":2}},"19":{"start":{"line":25,"column":2},"end":{"line":25,"column":35}},"20":{"start":{"line":26,"column":2},"end":{"line":26,"column":23}},"21":{"start":{"line":28,"column":16},"end":{"line":28,"column":37}},"22":{"start":{"line":30,"column":2},"end":{"line":33,"column":4}},"23":{"start":{"line":31,"column":4},"end":{"line":31,"column":88}},"24":{"start":{"line":31,"column":13},"end":{"line":31,"column":88}},"25":{"start":{"line":32,"column":4},"end":{"line":32,"column":52}},"26":{"start":{"line":36,"column":0},"end":{"line":44,"column":2}},"27":{"start":{"line":37,"column":18},"end":{"line":37,"column":38}},"28":{"start":{"line":38,"column":15},"end":{"line":38,"column":23}},"29":{"start":{"line":39,"column":2},"end":{"line":43,"column":4}},"30":{"start":{"line":40,"column":4},"end":{"line":40,"column":85}},"31":{"start":{"line":40,"column":13},"end":{"line":40,"column":85}},"32":{"start":{"line":42,"column":4},"end":{"line":42,"column":52}},"33":{"start":{"line":46,"column":0},"end":{"line":57,"column":2}},"34":{"start":{"line":47,"column":18},"end":{"line":47,"column":38}},"35":{"start":{"line":49,"column":2},"end":{"line":56,"column":4}},"36":{"start":{"line":50,"column":4},"end":{"line":50,"column":85}},"37":{"start":{"line":50,"column":13},"end":{"line":50,"column":85}},"38":{"start":{"line":52,"column":4},"end":{"line":55,"column":6}},"39":{"start":{"line":53,"column":6},"end":{"line":53,"column":87}},"40":{"start":{"line":53,"column":15},"end":{"line":53,"column":87}},"41":{"start":{"line":54,"column":6},"end":{"line":54,"column":66}}},"fnMap":{"0":{"name":"(anonymous_0)","decl":{"start":{"line":3,"column":29},"end":{"line":3,"column":30}},"loc":{"start":{"line":3,"column":43},"end":{"line":12,"column":1}},"line":3},"1":{"name":"(anonymous_1)","decl":{"start":{"line":5,"column":22},"end":{"line":5,"column":23}},"loc":{"start":{"line":5,"column":41},"end":{"line":11,"column":3}},"line":5},"2":{"name":"(anonymous_2)","decl":{"start":{"line":14,"column":30},"end":{"line":14,"column":31}},"loc":{"start":{"line":14,"column":44},"end":{"line":22,"column":1}},"line":14},"3":{"name":"(anonymous_3)","decl":{"start":{"line":16,"column":30},"end":{"line":16,"column":31}},"loc":{"start":{"line":16,"column":49},"end":{"line":21,"column":3}},"line":16},"4":{"name":"(anonymous_4)","decl":{"start":{"line":24,"column":29},"end":{"line":24,"column":30}},"loc":{"start":{"line":24,"column":43},"end":{"line":34,"column":1}},"line":24},"5":{"name":"(anonymous_5)","decl":{"start":{"line":30,"column":15},"end":{"line":30,"column":16}},"loc":{"start":{"line":30,"column":39},"end":{"line":33,"column":3}},"line":30},"6":{"name":"(anonymous_6)","decl":{"start":{"line":36,"column":28},"end":{"line":36,"column":29}},"loc":{"start":{"line":36,"column":42},"end":{"line":44,"column":1}},"line":36},"7":{"name":"(anonymous_7)","decl":{"start":{"line":39,"column":47},"end":{"line":39,"column":48}},"loc":{"start":{"line":39,"column":71},"end":{"line":43,"column":3}},"line":39},"8":{"name":"(anonymous_8)","decl":{"start":{"line":46,"column":31},"end":{"line":46,"column":32}},"loc":{"start":{"line":46,"column":45},"end":{"line":57,"column":1}},"line":46},"9":{"name":"(anonymous_9)","decl":{"start":{"line":49,"column":30},"end":{"line":49,"column":31}},"loc":{"start":{"line":49,"column":48},"end":{"line":56,"column":3}},"line":49},"10":{"name":"(anonymous_10)","decl":{"start":{"line":52,"column":19},"end":{"line":52,"column":20}},"loc":{"start":{"line":52,"column":26},"end":{"line":55,"column":5}},"line":52}},"branchMap":{"0":{"loc":{"start":{"line":7,"column":4},"end":{"line":7,"column":73}},"type":"if","locations":[{"start":{"line":7,"column":4},"end":{"line":7,"column":73}},{"start":{"line":7,"column":4},"end":{"line":7,"column":73}}],"line":7},"1":{"loc":{"start":{"line":8,"column":4},"end":{"line":8,"column":86}},"type":"if","locations":[{"start":{"line":8,"column":4},"end":{"line":8,"column":86}},{"start":{"line":8,"column":4},"end":{"line":8,"column":86}}],"line":8},"2":{"loc":{"start":{"line":17,"column":4},"end":{"line":17,"column":81}},"type":"if","locations":[{"start":{"line":17,"column":4},"end":{"line":17,"column":81}},{"start":{"line":17,"column":4},"end":{"line":17,"column":81}}],"line":17},"3":{"loc":{"start":{"line":18,"column":4},"end":{"line":18,"column":89}},"type":"if","locations":[{"start":{"line":18,"column":4},"end":{"line":18,"column":89}},{"start":{"line":18,"column":4},"end":{"line":18,"column":89}}],"line":18},"4":{"loc":{"start":{"line":31,"column":4},"end":{"line":31,"column":88}},"type":"if","locations":[{"start":{"line":31,"column":4},"end":{"line":31,"column":88}},{"start":{"line":31,"column":4},"end":{"line":31,"column":88}}],"line":31},"5":{"loc":{"start":{"line":40,"column":4},"end":{"line":40,"column":85}},"type":"if","locations":[{"start":{"line":40,"column":4},"end":{"line":40,"column":85}},{"start":{"line":40,"column":4},"end":{"line":40,"column":85}}],"line":40},"6":{"loc":{"start":{"line":50,"column":4},"end":{"line":50,"column":85}},"type":"if","locations":[{"start":{"line":50,"column":4},"end":{"line":50,"column":85}},{"start":{"line":50,"column":4},"end":{"line":50,"column":85}}],"line":50},"7":{"loc":{"start":{"line":53,"column":6},"end":{"line":53,"column":87}},"type":"if","locations":[{"start":{"line":53,"column":6},"end":{"line":53,"column":87}},{"start":{"line":53,"column":6},"end":{"line":53,"column":87}}],"line":53}},"s":{"0":1,"1":1,"2":1,"3":1,"4":1,"5":1,"6":0,"7":1,"8":0,"9":1,"10":1,"11":0,"12":0,"13":0,"14":0,"15":0,"16":0,"17":0,"18":1,"19":0,"20":0,"21":0,"22":0,"23":0,"24":0,"25":0,"26":1,"27":0,"28":0,"29":0,"30":0,"31":0,"32":0,"33":1,"34":0,"35":0,"36":0,"37":0,"38":0,"39":0,"40":0,"41":0},"f":{"0":1,"1":1,"2":0,"3":0,"4":0,"5":0,"6":0,"7":0,"8":0,"9":0,"10":0},"b":{"0":[0,1],"1":[0,1],"2":[0,0],"3":[0,0],"4":[0,0],"5":[0,0],"6":[0,0],"7":[0,0]},"_coverageSchema":"43e27e138ebf9cfc5966b082cf9a028302ed4184","hash":"27ac845452a90128cd479ec9c3bf7d3a8f98cf99"}
}
